Successfully connected to MongoDB!
Connected to MongoDB successfully
0
0
Fatal error: 'TelegramBot' object has no attribute '_handle_voice_message'
MongoDB connection closed.
Successfully connected to MongoDB!
Connected to MongoDB successfully
0
0
Starting bot
HTTP Request: POST https://api.telegram.org/bot7654566047:AAF1VBgN8YCGg_-25n_0BObBw6_jfD5xiJs/getMe "HTTP/1.1 200 OK"
HTTP Request: POST https://api.telegram.org/bot7654566047:AAF1VBgN8YCGg_-25n_0BObBw6_jfD5xiJs/deleteWebhook "HTTP/1.1 200 OK"
Application started
HTTP Request: POST https://api.telegram.org/bot7654566047:AAF1VBgN8YCGg_-25n_0BObBw6_jfD5xiJs/getUpdates "HTTP/1.1 200 OK"
HTTP Request: POST https://api.telegram.org/bot7654566047:AAF1VBgN8YCGg_-25n_0BObBw6_jfD5xiJs/getUpdates "HTTP/1.1 200 OK"
Received text message: 👋
Initialized new user: 806762900
HTTP Request: POST https://api.telegram.org/bot7654566047:AAF1VBgN8YCGg_-25n_0BObBw6_jfD5xiJs/sendChatAction "HTTP/1.1 200 OK"
HTTP Request: POST https://api.telegram.org/bot7654566047:AAF1VBgN8YCGg_-25n_0BObBw6_jfD5xiJs/sendMessage "HTTP/1.1 200 OK"
806762900
HTTP Request: POST https://api.telegram.org/bot7654566047:AAF1VBgN8YCGg_-25n_0BObBw6_jfD5xiJs/getUpdates "HTTP/1.1 200 OK"
Received voice message
HTTP Request: POST https://api.telegram.org/bot7654566047:AAF1VBgN8YCGg_-25n_0BObBw6_jfD5xiJs/sendMessage "HTTP/1.1 200 OK"
HTTP Request: POST https://api.telegram.org/bot7654566047:AAF1VBgN8YCGg_-25n_0BObBw6_jfD5xiJs/getFile "HTTP/1.1 200 OK"
HTTP Request: GET https://api.telegram.org/file/bot7654566047%3AAAF1VBgN8YCGg_-25n_0BObBw6_jfD5xiJs/voice/file_39.oga "HTTP/1.1 200 OK"
Transcribed text: hello how are you today my friend
Initialized new user: 806762900
HTTP Request: POST https://api.telegram.org/bot7654566047:AAF1VBgN8YCGg_-25n_0BObBw6_jfD5xiJs/getUpdates "HTTP/1.1 200 OK"
HTTP Request: POST https://api.telegram.org/bot7654566047:AAF1VBgN8YCGg_-25n_0BObBw6_jfD5xiJs/sendChatAction "HTTP/1.1 200 OK"
HTTP Request: POST https://api.telegram.org/bot7654566047:AAF1VBgN8YCGg_-25n_0BObBw6_jfD5xiJs/getUpdates "HTTP/1.1 200 OK"
HTTP Request: POST https://api.telegram.org/bot7654566047:AAF1VBgN8YCGg_-25n_0BObBw6_jfD5xiJs/getUpdates "HTTP/1.1 200 OK"
HTTP Request: POST https://api.telegram.org/bot7654566047:AAF1VBgN8YCGg_-25n_0BObBw6_jfD5xiJs/getUpdates "HTTP/1.1 200 OK"
HTTP Request: POST https://api.telegram.org/bot7654566047:AAF1VBgN8YCGg_-25n_0BObBw6_jfD5xiJs/getUpdates "HTTP/1.1 200 OK"
HTTP Request: POST https://api.telegram.org/bot7654566047:AAF1VBgN8YCGg_-25n_0BObBw6_jfD5xiJs/getUpdates "HTTP/1.1 200 OK"
HTTP Request: POST https://api.telegram.org/bot7654566047:AAF1VBgN8YCGg_-25n_0BObBw6_jfD5xiJs/getUpdates "HTTP/1.1 200 OK"
HTTP Request: POST https://api.telegram.org/bot7654566047:AAF1VBgN8YCGg_-25n_0BObBw6_jfD5xiJs/getUpdates "HTTP/1.1 200 OK"
HTTP Request: POST https://api.telegram.org/bot7654566047:AAF1VBgN8YCGg_-25n_0BObBw6_jfD5xiJs/getUpdates "HTTP/1.1 200 OK"
HTTP Request: POST https://api.telegram.org/bot7654566047:AAF1VBgN8YCGg_-25n_0BObBw6_jfD5xiJs/sendMessage "HTTP/1.1 200 OK"
806762900
Cleared history for user: 806762900
HTTP Request: POST https://api.telegram.org/bot7654566047:AAF1VBgN8YCGg_-25n_0BObBw6_jfD5xiJs/sendMessage "HTTP/1.1 200 OK"
HTTP Request: POST https://api.telegram.org/bot7654566047:AAF1VBgN8YCGg_-25n_0BObBw6_jfD5xiJs/getUpdates "HTTP/1.1 200 OK"
HTTP Request: POST https://api.telegram.org/bot7654566047:AAF1VBgN8YCGg_-25n_0BObBw6_jfD5xiJs/getUpdates "HTTP/1.1 200 OK"
HTTP Request: POST https://api.telegram.org/bot7654566047:AAF1VBgN8YCGg_-25n_0BObBw6_jfD5xiJs/getUpdates "HTTP/1.1 200 OK"
HTTP Request: POST https://api.telegram.org/bot7654566047:AAF1VBgN8YCGg_-25n_0BObBw6_jfD5xiJs/getUpdates "HTTP/1.1 200 OK"
HTTP Request: POST https://api.telegram.org/bot7654566047:AAF1VBgN8YCGg_-25n_0BObBw6_jfD5xiJs/getUpdates "HTTP/1.1 200 OK"
HTTP Request: POST https://api.telegram.org/bot7654566047:AAF1VBgN8YCGg_-25n_0BObBw6_jfD5xiJs/getUpdates "HTTP/1.1 200 OK"
HTTP Request: POST https://api.telegram.org/bot7654566047:AAF1VBgN8YCGg_-25n_0BObBw6_jfD5xiJs/getUpdates "HTTP/1.1 200 OK"
HTTP Request: POST https://api.telegram.org/bot7654566047:AAF1VBgN8YCGg_-25n_0BObBw6_jfD5xiJs/getUpdates "HTTP/1.1 200 OK"
HTTP Request: POST https://api.telegram.org/bot7654566047:AAF1VBgN8YCGg_-25n_0BObBw6_jfD5xiJs/getUpdates "HTTP/1.1 200 OK"
HTTP Request: POST https://api.telegram.org/bot7654566047:AAF1VBgN8YCGg_-25n_0BObBw6_jfD5xiJs/getUpdates "HTTP/1.1 200 OK"
HTTP Request: POST https://api.telegram.org/bot7654566047:AAF1VBgN8YCGg_-25n_0BObBw6_jfD5xiJs/getUpdates "HTTP/1.1 200 OK"
HTTP Request: POST https://api.telegram.org/bot7654566047:AAF1VBgN8YCGg_-25n_0BObBw6_jfD5xiJs/getUpdates "HTTP/1.1 200 OK"
HTTP Request: POST https://api.telegram.org/bot7654566047:AAF1VBgN8YCGg_-25n_0BObBw6_jfD5xiJs/getUpdates "HTTP/1.1 200 OK"
HTTP Request: POST https://api.telegram.org/bot7654566047:AAF1VBgN8YCGg_-25n_0BObBw6_jfD5xiJs/getUpdates "HTTP/1.1 200 OK"
HTTP Request: POST https://api.telegram.org/bot7654566047:AAF1VBgN8YCGg_-25n_0BObBw6_jfD5xiJs/getUpdates "HTTP/1.1 200 OK"
HTTP Request: POST https://api.telegram.org/bot7654566047:AAF1VBgN8YCGg_-25n_0BObBw6_jfD5xiJs/getUpdates "HTTP/1.1 200 OK"
HTTP Request: POST https://api.telegram.org/bot7654566047:AAF1VBgN8YCGg_-25n_0BObBw6_jfD5xiJs/getUpdates "HTTP/1.1 200 OK"
HTTP Request: POST https://api.telegram.org/bot7654566047:AAF1VBgN8YCGg_-25n_0BObBw6_jfD5xiJs/getUpdates "HTTP/1.1 200 OK"
HTTP Request: POST https://api.telegram.org/bot7654566047:AAF1VBgN8YCGg_-25n_0BObBw6_jfD5xiJs/getUpdates "HTTP/1.1 200 OK"
HTTP Request: POST https://api.telegram.org/bot7654566047:AAF1VBgN8YCGg_-25n_0BObBw6_jfD5xiJs/getUpdates "HTTP/1.1 200 OK"
HTTP Request: POST https://api.telegram.org/bot7654566047:AAF1VBgN8YCGg_-25n_0BObBw6_jfD5xiJs/getUpdates "HTTP/1.1 200 OK"
HTTP Request: POST https://api.telegram.org/bot7654566047:AAF1VBgN8YCGg_-25n_0BObBw6_jfD5xiJs/getUpdates "HTTP/1.1 200 OK"
HTTP Request: POST https://api.telegram.org/bot7654566047:AAF1VBgN8YCGg_-25n_0BObBw6_jfD5xiJs/getUpdates "HTTP/1.1 200 OK"
HTTP Request: POST https://api.telegram.org/bot7654566047:AAF1VBgN8YCGg_-25n_0BObBw6_jfD5xiJs/getUpdates "HTTP/1.1 200 OK"
HTTP Request: POST https://api.telegram.org/bot7654566047:AAF1VBgN8YCGg_-25n_0BObBw6_jfD5xiJs/getUpdates "HTTP/1.1 200 OK"
HTTP Request: POST https://api.telegram.org/bot7654566047:AAF1VBgN8YCGg_-25n_0BObBw6_jfD5xiJs/getUpdates "HTTP/1.1 200 OK"
HTTP Request: POST https://api.telegram.org/bot7654566047:AAF1VBgN8YCGg_-25n_0BObBw6_jfD5xiJs/getUpdates "HTTP/1.1 200 OK"
HTTP Request: POST https://api.telegram.org/bot7654566047:AAF1VBgN8YCGg_-25n_0BObBw6_jfD5xiJs/getUpdates "HTTP/1.1 200 OK"
HTTP Request: POST https://api.telegram.org/bot7654566047:AAF1VBgN8YCGg_-25n_0BObBw6_jfD5xiJs/getUpdates "HTTP/1.1 200 OK"
HTTP Request: POST https://api.telegram.org/bot7654566047:AAF1VBgN8YCGg_-25n_0BObBw6_jfD5xiJs/getUpdates "HTTP/1.1 200 OK"
HTTP Request: POST https://api.telegram.org/bot7654566047:AAF1VBgN8YCGg_-25n_0BObBw6_jfD5xiJs/getUpdates "HTTP/1.1 200 OK"
HTTP Request: POST https://api.telegram.org/bot7654566047:AAF1VBgN8YCGg_-25n_0BObBw6_jfD5xiJs/getUpdates "HTTP/1.1 200 OK"
HTTP Request: POST https://api.telegram.org/bot7654566047:AAF1VBgN8YCGg_-25n_0BObBw6_jfD5xiJs/getUpdates "HTTP/1.1 200 OK"
HTTP Request: POST https://api.telegram.org/bot7654566047:AAF1VBgN8YCGg_-25n_0BObBw6_jfD5xiJs/getUpdates "HTTP/1.1 200 OK"
HTTP Request: POST https://api.telegram.org/bot7654566047:AAF1VBgN8YCGg_-25n_0BObBw6_jfD5xiJs/getUpdates "HTTP/1.1 200 OK"
HTTP Request: POST https://api.telegram.org/bot7654566047:AAF1VBgN8YCGg_-25n_0BObBw6_jfD5xiJs/getUpdates "HTTP/1.1 200 OK"
HTTP Request: POST https://api.telegram.org/bot7654566047:AAF1VBgN8YCGg_-25n_0BObBw6_jfD5xiJs/getUpdates "HTTP/1.1 200 OK"
HTTP Request: POST https://api.telegram.org/bot7654566047:AAF1VBgN8YCGg_-25n_0BObBw6_jfD5xiJs/getUpdates "HTTP/1.1 200 OK"
HTTP Request: POST https://api.telegram.org/bot7654566047:AAF1VBgN8YCGg_-25n_0BObBw6_jfD5xiJs/getUpdates "HTTP/1.1 200 OK"
HTTP Request: POST https://api.telegram.org/bot7654566047:AAF1VBgN8YCGg_-25n_0BObBw6_jfD5xiJs/getUpdates "HTTP/1.1 200 OK"
HTTP Request: POST https://api.telegram.org/bot7654566047:AAF1VBgN8YCGg_-25n_0BObBw6_jfD5xiJs/getUpdates "HTTP/1.1 200 OK"
HTTP Request: POST https://api.telegram.org/bot7654566047:AAF1VBgN8YCGg_-25n_0BObBw6_jfD5xiJs/getUpdates "HTTP/1.1 200 OK"
HTTP Request: POST https://api.telegram.org/bot7654566047:AAF1VBgN8YCGg_-25n_0BObBw6_jfD5xiJs/getUpdates "HTTP/1.1 200 OK"
HTTP Request: POST https://api.telegram.org/bot7654566047:AAF1VBgN8YCGg_-25n_0BObBw6_jfD5xiJs/getUpdates "HTTP/1.1 200 OK"
HTTP Request: POST https://api.telegram.org/bot7654566047:AAF1VBgN8YCGg_-25n_0BObBw6_jfD5xiJs/getUpdates "HTTP/1.1 200 OK"
HTTP Request: POST https://api.telegram.org/bot7654566047:AAF1VBgN8YCGg_-25n_0BObBw6_jfD5xiJs/getUpdates "HTTP/1.1 200 OK"
HTTP Request: POST https://api.telegram.org/bot7654566047:AAF1VBgN8YCGg_-25n_0BObBw6_jfD5xiJs/getUpdates "HTTP/1.1 200 OK"
HTTP Request: POST https://api.telegram.org/bot7654566047:AAF1VBgN8YCGg_-25n_0BObBw6_jfD5xiJs/getUpdates "HTTP/1.1 200 OK"
HTTP Request: POST https://api.telegram.org/bot7654566047:AAF1VBgN8YCGg_-25n_0BObBw6_jfD5xiJs/getUpdates "HTTP/1.1 200 OK"
HTTP Request: POST https://api.telegram.org/bot7654566047:AAF1VBgN8YCGg_-25n_0BObBw6_jfD5xiJs/getUpdates "HTTP/1.1 200 OK"
HTTP Request: POST https://api.telegram.org/bot7654566047:AAF1VBgN8YCGg_-25n_0BObBw6_jfD5xiJs/getUpdates "HTTP/1.1 200 OK"
HTTP Request: POST https://api.telegram.org/bot7654566047:AAF1VBgN8YCGg_-25n_0BObBw6_jfD5xiJs/getUpdates "HTTP/1.1 200 OK"
HTTP Request: POST https://api.telegram.org/bot7654566047:AAF1VBgN8YCGg_-25n_0BObBw6_jfD5xiJs/getUpdates "HTTP/1.1 200 OK"
HTTP Request: POST https://api.telegram.org/bot7654566047:AAF1VBgN8YCGg_-25n_0BObBw6_jfD5xiJs/getUpdates "HTTP/1.1 200 OK"
HTTP Request: POST https://api.telegram.org/bot7654566047:AAF1VBgN8YCGg_-25n_0BObBw6_jfD5xiJs/getUpdates "HTTP/1.1 200 OK"
HTTP Request: POST https://api.telegram.org/bot7654566047:AAF1VBgN8YCGg_-25n_0BObBw6_jfD5xiJs/getUpdates "HTTP/1.1 200 OK"
HTTP Request: POST https://api.telegram.org/bot7654566047:AAF1VBgN8YCGg_-25n_0BObBw6_jfD5xiJs/getUpdates "HTTP/1.1 200 OK"
HTTP Request: POST https://api.telegram.org/bot7654566047:AAF1VBgN8YCGg_-25n_0BObBw6_jfD5xiJs/getUpdates "HTTP/1.1 200 OK"
HTTP Request: POST https://api.telegram.org/bot7654566047:AAF1VBgN8YCGg_-25n_0BObBw6_jfD5xiJs/getUpdates "HTTP/1.1 200 OK"
HTTP Request: POST https://api.telegram.org/bot7654566047:AAF1VBgN8YCGg_-25n_0BObBw6_jfD5xiJs/getUpdates "HTTP/1.1 200 OK"
HTTP Request: POST https://api.telegram.org/bot7654566047:AAF1VBgN8YCGg_-25n_0BObBw6_jfD5xiJs/getUpdates "HTTP/1.1 200 OK"
HTTP Request: POST https://api.telegram.org/bot7654566047:AAF1VBgN8YCGg_-25n_0BObBw6_jfD5xiJs/getUpdates "HTTP/1.1 200 OK"
HTTP Request: POST https://api.telegram.org/bot7654566047:AAF1VBgN8YCGg_-25n_0BObBw6_jfD5xiJs/getUpdates "HTTP/1.1 200 OK"
HTTP Request: POST https://api.telegram.org/bot7654566047:AAF1VBgN8YCGg_-25n_0BObBw6_jfD5xiJs/getUpdates "HTTP/1.1 200 OK"
HTTP Request: POST https://api.telegram.org/bot7654566047:AAF1VBgN8YCGg_-25n_0BObBw6_jfD5xiJs/getUpdates "HTTP/1.1 200 OK"
HTTP Request: POST https://api.telegram.org/bot7654566047:AAF1VBgN8YCGg_-25n_0BObBw6_jfD5xiJs/getUpdates "HTTP/1.1 200 OK"
HTTP Request: POST https://api.telegram.org/bot7654566047:AAF1VBgN8YCGg_-25n_0BObBw6_jfD5xiJs/getUpdates "HTTP/1.1 200 OK"
HTTP Request: POST https://api.telegram.org/bot7654566047:AAF1VBgN8YCGg_-25n_0BObBw6_jfD5xiJs/getUpdates "HTTP/1.1 200 OK"
HTTP Request: POST https://api.telegram.org/bot7654566047:AAF1VBgN8YCGg_-25n_0BObBw6_jfD5xiJs/getUpdates "HTTP/1.1 200 OK"
HTTP Request: POST https://api.telegram.org/bot7654566047:AAF1VBgN8YCGg_-25n_0BObBw6_jfD5xiJs/getUpdates "HTTP/1.1 200 OK"
HTTP Request: POST https://api.telegram.org/bot7654566047:AAF1VBgN8YCGg_-25n_0BObBw6_jfD5xiJs/getUpdates "HTTP/1.1 200 OK"
HTTP Request: POST https://api.telegram.org/bot7654566047:AAF1VBgN8YCGg_-25n_0BObBw6_jfD5xiJs/getUpdates "HTTP/1.1 200 OK"
HTTP Request: POST https://api.telegram.org/bot7654566047:AAF1VBgN8YCGg_-25n_0BObBw6_jfD5xiJs/getUpdates "HTTP/1.1 200 OK"
HTTP Request: POST https://api.telegram.org/bot7654566047:AAF1VBgN8YCGg_-25n_0BObBw6_jfD5xiJs/getUpdates "HTTP/1.1 200 OK"
HTTP Request: POST https://api.telegram.org/bot7654566047:AAF1VBgN8YCGg_-25n_0BObBw6_jfD5xiJs/getUpdates "HTTP/1.1 200 OK"
HTTP Request: POST https://api.telegram.org/bot7654566047:AAF1VBgN8YCGg_-25n_0BObBw6_jfD5xiJs/getUpdates "HTTP/1.1 200 OK"
HTTP Request: POST https://api.telegram.org/bot7654566047:AAF1VBgN8YCGg_-25n_0BObBw6_jfD5xiJs/getUpdates "HTTP/1.1 200 OK"
HTTP Request: POST https://api.telegram.org/bot7654566047:AAF1VBgN8YCGg_-25n_0BObBw6_jfD5xiJs/getUpdates "HTTP/1.1 200 OK"
HTTP Request: POST https://api.telegram.org/bot7654566047:AAF1VBgN8YCGg_-25n_0BObBw6_jfD5xiJs/getUpdates "HTTP/1.1 200 OK"
HTTP Request: POST https://api.telegram.org/bot7654566047:AAF1VBgN8YCGg_-25n_0BObBw6_jfD5xiJs/getUpdates "HTTP/1.1 200 OK"
Application is stopping. This might take a moment.
Application.stop() complete
MongoDB connection closed.
Successfully connected to MongoDB!
Connected to MongoDB successfully
0
0
Fatal error: 'TelegramBot' object has no attribute 'start'
MongoDB connection closed.
Successfully connected to MongoDB!
Connected to MongoDB successfully
0
0
Starting bot
HTTP Request: POST https://api.telegram.org/bot7654566047:AAF1VBgN8YCGg_-25n_0BObBw6_jfD5xiJs/getMe "HTTP/1.1 200 OK"
HTTP Request: POST https://api.telegram.org/bot7654566047:AAF1VBgN8YCGg_-25n_0BObBw6_jfD5xiJs/deleteWebhook "HTTP/1.1 200 OK"
Application started
HTTP Request: POST https://api.telegram.org/bot7654566047:AAF1VBgN8YCGg_-25n_0BObBw6_jfD5xiJs/getUpdates "HTTP/1.1 200 OK"
Received text message: Hello
Initialized new user: 806762900
HTTP Request: POST https://api.telegram.org/bot7654566047:AAF1VBgN8YCGg_-25n_0BObBw6_jfD5xiJs/sendChatAction "HTTP/1.1 200 OK"
HTTP Request: POST https://api.telegram.org/bot7654566047:AAF1VBgN8YCGg_-25n_0BObBw6_jfD5xiJs/sendMessage "HTTP/1.1 200 OK"
806762900
HTTP Request: POST https://api.telegram.org/bot7654566047:AAF1VBgN8YCGg_-25n_0BObBw6_jfD5xiJs/getUpdates "HTTP/1.1 200 OK"
HTTP Request: POST https://api.telegram.org/bot7654566047:AAF1VBgN8YCGg_-25n_0BObBw6_jfD5xiJs/getUpdates "HTTP/1.1 200 OK"
HTTP Request: POST https://api.telegram.org/bot7654566047:AAF1VBgN8YCGg_-25n_0BObBw6_jfD5xiJs/getUpdates "HTTP/1.1 200 OK"
HTTP Request: POST https://api.telegram.org/bot7654566047:AAF1VBgN8YCGg_-25n_0BObBw6_jfD5xiJs/getUpdates "HTTP/1.1 200 OK"
Received voice message
HTTP Request: POST https://api.telegram.org/bot7654566047:AAF1VBgN8YCGg_-25n_0BObBw6_jfD5xiJs/sendMessage "HTTP/1.1 200 OK"
HTTP Request: POST https://api.telegram.org/bot7654566047:AAF1VBgN8YCGg_-25n_0BObBw6_jfD5xiJs/getFile "HTTP/1.1 200 OK"
HTTP Request: GET https://api.telegram.org/file/bot7654566047%3AAAF1VBgN8YCGg_-25n_0BObBw6_jfD5xiJs/voice/file_40.oga "HTTP/1.1 200 OK"
Transcribed text: hello how are you today my friend
Initialized new user: 806762900
HTTP Request: POST https://api.telegram.org/bot7654566047:AAF1VBgN8YCGg_-25n_0BObBw6_jfD5xiJs/getUpdates "HTTP/1.1 200 OK"
HTTP Request: POST https://api.telegram.org/bot7654566047:AAF1VBgN8YCGg_-25n_0BObBw6_jfD5xiJs/sendChatAction "HTTP/1.1 200 OK"
HTTP Request: POST https://api.telegram.org/bot7654566047:AAF1VBgN8YCGg_-25n_0BObBw6_jfD5xiJs/sendMessage "HTTP/1.1 200 OK"
806762900
HTTP Request: POST https://api.telegram.org/bot7654566047:AAF1VBgN8YCGg_-25n_0BObBw6_jfD5xiJs/getUpdates "HTTP/1.1 200 OK"
HTTP Request: POST https://api.telegram.org/bot7654566047:AAF1VBgN8YCGg_-25n_0BObBw6_jfD5xiJs/getUpdates "HTTP/1.1 200 OK"
HTTP Request: POST https://api.telegram.org/bot7654566047:AAF1VBgN8YCGg_-25n_0BObBw6_jfD5xiJs/getUpdates "HTTP/1.1 200 OK"
HTTP Request: POST https://api.telegram.org/bot7654566047:AAF1VBgN8YCGg_-25n_0BObBw6_jfD5xiJs/getUpdates "HTTP/1.1 200 OK"
